# JRE version: Java(TM) SE Runtime Environment (8.0_202-b08) (build 1.8.0_202-b08)
# Java VM: Java HotSpot(TM) Client VM (25.202-b08 mixed mode windows-x86 )
Heap:
 def new generation   total 4928K, used 3933K [0x05400000, 0x05950000, 0x0a950000)
  eden space 4416K,  81% used [0x05400000, 0x05782f78, 0x05850000)
  from space 512K,  65% used [0x05850000, 0x058a4788, 0x058d0000)
  to   space 512K,   0% used [0x058d0000, 0x058d0000, 0x05950000)
 tenured generation   total 10944K, used 913K [0x0a950000, 0x0b400000, 0x15400000)
   the space 10944K,   8% used [0x0a950000, 0x0aa34580, 0x0aa34600, 0x0b400000)
 Metaspace       used 3493K, capacity 3506K, committed 3520K, reserved 4480K
GC Heap History (4 events):
Event: 0.228 GC heap before
{Heap before GC invocations=0 (full 0):
 def new generation   total 4928K, used 4416K [0x05400000, 0x05950000, 0x0a950000)
  eden space 4416K, 100% used [0x05400000, 0x05850000, 0x05850000)
  from space 512K,   0% used [0x05850000, 0x05850000, 0x058d0000)
  to   space 512K,   0% used [0x058d0000, 0x058d0000, 0x05950000)
 tenured generation   total 10944K, used 0K [0x0a950000, 0x0b400000, 0x15400000)
   the space 10944K,   0% used [0x0a950000, 0x0a950000, 0x0a950200, 0x0b400000)
 Metaspace       used 3075K, capacity 3122K, committed 3136K, reserved 4480K
Event: 0.230 GC heap after
Heap after GC invocations=1 (full 0):
 def new generation   total 4928K, used 512K [0x05400000, 0x05950000, 0x0a950000)
  eden space 4416K,   0% used [0x05400000, 0x05400000, 0x05850000)
  from space 512K, 100% used [0x058d0000, 0x05950000, 0x05950000)
  to   space 512K,   0% used [0x05850000, 0x05850000, 0x058d0000)
 tenured generation   total 10944K, used 443K [0x0a950000, 0x0b400000, 0x15400000)
   the space 10944K,   4% used [0x0a950000, 0x0a9bed28, 0x0a9bee00, 0x0b400000)
 Metaspace       used 3075K, capacity 3122K, committed 3136K, reserved 4480K
}
Event: 14.665 GC heap before
{Heap before GC invocations=1 (full 0):
 def new generation   total 4928K, used 4928K [0x05400000, 0x05950000, 0x0a950000)
  eden space 4416K, 100% used [0x05400000, 0x05850000, 0x05850000)
  from space 512K, 100% used [0x058d0000, 0x05950000, 0x05950000)
  to   space 512K,   0% used [0x05850000, 0x05850000, 0x058d0000)
 tenured generation   total 10944K, used 443K [0x0a950000, 0x0b400000, 0x15400000)
   the space 10944K,   4% used [0x0a950000, 0x0a9bed28, 0x0a9bee00, 0x0b400000)
 Metaspace       used 3493K, capacity 3506K, committed 3520K, reserved 4480K
Event: 14.666 GC heap after
Heap after GC invocations=2 (full 0):
 def new generation   total 4928K, used 337K [0x05400000, 0x05950000, 0x0a950000)
  eden space 4416K,   0% used [0x05400000, 0x05400000, 0x05850000)
  from space 512K,  65% used [0x05850000, 0x058a4788, 0x058d0000)
  to   space 512K,   0% used [0x058d0000, 0x058d0000, 0x05950000)
 tenured generation   total 10944K, used 913K [0x0a950000, 0x0b400000, 0x15400000)
   the space 10944K,   8% used [0x0a950000, 0x0aa34580, 0x0aa34600, 0x0b400000)
 Metaspace       used 3493K, capacity 3506K, committed 3520K, reserved 4480K
}

